<?xml version="1.0" encoding="UTF-8"?>
<testng-results skipped="0" failed="0" ignored="0" total="2" passed="2">
  <reporter-output>
  </reporter-output>
  <suite name="Default suite" duration-ms="30133" started-at="2020-07-25T12:23:21Z" finished-at="2020-07-25T12:23:51Z">
    <groups>
    </groups>
    <test name="Default test" duration-ms="30133" started-at="2020-07-25T12:23:21Z" finished-at="2020-07-25T12:23:51Z">
      <class name="PracticeSessions.Gmail">
        <test-method status="PASS" signature="intialization()[pri:0, instance:PracticeSessions.Gmail@66480dd7]" name="intialization" is-config="true" duration-ms="11418" started-at="2020-07-25T12:23:22Z" finished-at="2020-07-25T12:23:34Z">
          <reporter-output>
          </reporter-output>
        </test-method> <!-- intialization -->
        <test-method status="PASS" signature="test2(java.lang.String, java.lang.String)[pri:0, instance:PracticeSessions.Gmail@66480dd7]" name="test2" duration-ms="4150" started-at="2020-07-25T12:23:34Z" data-provider="test" finished-at="2020-07-25T12:23:38Z">
          <params>
            <param index="0">
              <value>
                <![CDATA[Rohit]]>
              </value>
            </param>
            <param index="1">
              <value>
                <![CDATA[Khemani]]>
              </value>
            </param>
          </params>
          <reporter-output>
          </reporter-output>
        </test-method> <!-- test2 -->
        <test-method status="PASS" signature="intialization()[pri:0, instance:PracticeSessions.Gmail@66480dd7]" name="intialization" is-config="true" duration-ms="9926" started-at="2020-07-25T12:23:38Z" finished-at="2020-07-25T12:23:48Z">
          <reporter-output>
          </reporter-output>
        </test-method> <!-- intialization -->
        <test-method status="PASS" signature="test2(java.lang.String, java.lang.String)[pri:0, instance:PracticeSessions.Gmail@66480dd7]" name="test2" duration-ms="3740" started-at="2020-07-25T12:23:48Z" data-provider="test" finished-at="2020-07-25T12:23:51Z">
          <params>
            <param index="0">
              <value>
                <![CDATA[Poonam]]>
              </value>
            </param>
            <param index="1">
              <value>
                <![CDATA[Shrivastava]]>
              </value>
            </param>
          </params>
          <reporter-output>
          </reporter-output>
        </test-method> <!-- test2 -->
      </class> <!-- PracticeSessions.Gmail -->
    </test> <!-- Default test -->
  </suite> <!-- Default suite -->
</testng-results>
